16:13:43: Creating resource group General
16:13:43: Creating resource group Internal
16:13:43: Creating resource group Autodetect
16:13:43: SceneManagerFactory for type 'DefaultSceneManager' registered.
16:13:43: Registering ResourceManager for type Material
16:13:43: Registering ResourceManager for type Mesh
16:13:43: Registering ResourceManager for type Skeleton
16:13:43: MovableObjectFactory for type 'ParticleSystem' registered.
16:13:43: OverlayElementFactory for type Panel registered.
16:13:43: OverlayElementFactory for type BorderPanel registered.
16:13:43: OverlayElementFactory for type TextArea registered.
16:13:43: Registering ResourceManager for type Font
16:13:43: ArchiveFactory for archive type FileSystem registered.
16:13:43: ArchiveFactory for archive type Zip registered.
16:13:43: DDS codec registering
16:13:43: FreeImage version: 3.15.1
16:13:43: This program uses FreeImage, a free, open source image library supporting all common bitmap formats. See http://freeimage.sourceforge.net for details
16:13:43: Supported formats: bmp,ico,jpg,jif,jpeg,jpe,jng,koa,iff,lbm,mng,pbm,pbm,pcd,pcx,pgm,pgm,png,ppm,ppm,ras,tga,targa,tif,tiff,wap,wbmp,wbm,psd,cut,xbm,xpm,gif,hdr,g3,sgi,exr,j2k,j2c,jp2,pfm,pct,pict,pic,3fr,arw,bay,bmq,cap,cine,cr2,crw,cs1,dc2,dcr,drf,dsc,dng,erf,fff,ia,iiq,k25,kc2,kdc,mdc,mef,mos,mrw,nef,nrw,orf,pef,ptx,pxn,qtk,raf,raw,rdc,rw2,rwl,rwz,sr2,srf,sti
16:13:43: Registering ResourceManager for type HighLevelGpuProgram
16:13:43: Registering ResourceManager for type Compositor
16:13:43: MovableObjectFactory for type 'Entity' registered.
16:13:43: MovableObjectFactory for type 'Light' registered.
16:13:43: MovableObjectFactory for type 'BillboardSet' registered.
16:13:43: MovableObjectFactory for type 'ManualObject' registered.
16:13:43: MovableObjectFactory for type 'BillboardChain' registered.
16:13:43: MovableObjectFactory for type 'RibbonTrail' registered.
16:13:43: Loading library ./RenderSystem_GL
16:13:43: Installing plugin: GL RenderSystem
16:13:43: OpenGL Rendering Subsystem created.
16:13:43: Plugin successfully installed
16:13:43: Loading library ./Plugin_ParticleFX
16:13:43: Installing plugin: ParticleFX
16:13:43: Particle Emitter Type 'Point' registered
16:13:43: Particle Emitter Type 'Box' registered
16:13:43: Particle Emitter Type 'Ellipsoid' registered
16:13:43: Particle Emitter Type 'Cylinder' registered
16:13:43: Particle Emitter Type 'Ring' registered
16:13:43: Particle Emitter Type 'HollowEllipsoid' registered
16:13:43: Particle Affector Type 'LinearForce' registered
16:13:43: Particle Affector Type 'ColourFader' registered
16:13:43: Particle Affector Type 'ColourFader2' registered
16:13:43: Particle Affector Type 'ColourImage' registered
16:13:43: Particle Affector Type 'ColourInterpolator' registered
16:13:43: Particle Affector Type 'Scaler' registered
16:13:43: Particle Affector Type 'Rotator' registered
16:13:43: Particle Affector Type 'DirectionRandomiser' registered
16:13:43: Particle Affector Type 'DeflectorPlane' registered
16:13:43: Plugin successfully installed
16:13:43: Loading library ./Plugin_OctreeSceneManager
16:13:43: Installing plugin: Octree & Terrain Scene Manager
16:13:43: Plugin successfully installed
16:13:43: *-*-* OGRE Initialising
16:13:43: *-*-* Version 1.7.4 (Cthugha)
16:13:43: Added resource location '../clientdata/cu' of type 'FileSystem' to resource group 'General'
16:13:43: Added resource location '../clientdata/cu/media' of type 'FileSystem' to resource group 'General'
16:13:43: Added resource location '../clientdata/cu/media/mmisc' of type 'FileSystem' to resource group 'General'
16:13:43: Added resource location '../clientdata/cu/media/mmisc/fonts' of type 'FileSystem' to resource group 'General'
16:13:43: Added resource location '../clientdata/cu/media/materials/scripts' of type 'FileSystem' to resource group 'General'
16:13:43: Added resource location '../clientdata/cu/media/materials/textures' of type 'FileSystem' to resource group 'General'
16:13:43: Added resource location '../clientdata/cu/media/gui' of type 'FileSystem' to resource group 'General'
16:13:43: Added resource location '../clientdata/cu/media/trees' of type 'FileSystem' to resource group 'General'
16:13:43: Added resource location '../clientdata/cu/media/creatures' of type 'FileSystem' to resource group 'General'
16:13:43: Added resource location '../clientdata/cu/media/buildings2' of type 'FileSystem' to resource group 'General'
16:13:43: Added resource location '../clientdata/cu/media/cubemap' of type 'FileSystem' to resource group 'General'
16:13:43: Added resource location '../data/cu/isles/00000000' of type 'FileSystem' to resource group 'General'
16:13:43: Added resource location '../temp' of type 'FileSystem' to resource group 'General'
16:13:43: Added resource location '.' of type 'FileSystem' to resource group 'General'
16:13:43: OGRE EXCEPTION(6:FileNotFoundException): 'ogre.cfg' file not found! in ConfigFile::load at /build/buildd/ogre-1.7.4/OgreMain/src/OgreConfigFile.cpp (line 83)
16:13:43: CPU Identifier & Features
16:13:43: -------------------------
16:13:43:  *   CPU ID: GenuineIntel: Intel(R) Core(TM) i7 CPU       Q 720  @ 1.60GHz
16:13:43:  *      SSE: yes
16:13:43:  *     SSE2: yes
16:13:43:  *     SSE3: yes
16:13:43:  *      MMX: yes
16:13:43:  *   MMXEXT: yes
16:13:43:  *    3DNOW: no
16:13:43:  * 3DNOWEXT: no
16:13:43:  *     CMOV: yes
16:13:43:  *      TSC: yes
16:13:43:  *      FPU: yes
16:13:43:  *      PRO: yes
16:13:43:  *       HT: no
16:13:43: -------------------------
16:13:43: ******************************
*** Starting GLX Subsystem ***
******************************
16:13:43: OGRE EXCEPTION(6:FileNotFoundException): Cannot locate resource GLX_icon.png in resource group General or any other group. in ResourceGroupManager::openResource at /build/buildd/ogre-1.7.4/OgreMain/src/OgreResourceGroupManager.cpp (line 753)
16:13:43: GLXWindow::create used FBConfigID = 39
16:13:43: GL_VERSION = 3.3.11627 Compatibility Profile Context
16:13:43: GL_VENDOR = ATI Technologies Inc.
16:13:43: GL_RENDERER = ATI Mobility Radeon HD 4650
16:13:43: GL_EXTENSIONS = GL_AMDX_debug_output GL_AMDX_vertex_shader_tessellator GL_AMD_conservative_depth GL_AMD_debug_output GL_AMD_depth_clamp_separate GL_AMD_draw_buffers_blend GL_AMD_name_gen_delete GL_AMD_performance_monitor GL_AMD_pinned_memory GL_AMD_sample_positions GL_AMD_seamless_cubemap_per_texture GL_AMD_shader_stencil_export GL_AMD_texture_cube_map_array GL_AMD_texture_texture4 GL_AMD_vertex_shader_tessellator GL_ARB_ES2_compatibility GL_ARB_base_instance GL_ARB_blend_func_extended GL_ARB_color_buffer_float GL_ARB_compressed_texture_pixel_storage GL_ARB_conservative_depth GL_ARB_copy_buffer GL_ARB_depth_buffer_float GL_ARB_depth_clamp GL_ARB_depth_texture GL_ARB_draw_buffers GL_ARB_draw_buffers_blend GL_ARB_draw_elements_base_vertex GL_ARB_draw_instanced GL_ARB_explicit_attrib_location GL_ARB_fragment_coord_conventions GL_ARB_fragment_program GL_ARB_fragment_program_shadow GL_ARB_fragment_shader GL_ARB_framebuffer_object GL_ARB_framebuffer_sRGB GL_ARB_geometry_shader4 GL_ARB_get_program_binary GL_ARB_half_float_pixel GL_ARB_half_float_vertex GL_ARB_imaging GL_ARB_instanced_arrays GL_ARB_internalformat_query GL_ARB_map_buffer_alignment GL_ARB_map_buffer_range GL_ARB_multisample GL_ARB_multitexture GL_ARB_occlusion_query GL_ARB_occlusion_query2 GL_ARB_pixel_buffer_object GL_ARB_point_parameters GL_ARB_point_sprite GL_ARB_provoking_vertex GL_ARB_sample_shading GL_ARB_sampler_objects GL_ARB_seamless_cube_map GL_ARB_separate_shader_objects GL_ARB_shader_bit_encoding GL_ARB_shader_objects GL_ARB_shader_precision GL_ARB_shader_stencil_export GL_ARB_shader_texture_lod GL_ARB_shading_language_100 GL_ARB_shading_language_420pack GL_ARB_shading_language_packing GL_ARB_shadow GL_ARB_shadow_ambient GL_ARB_sync GL_ARB_texture_border_clamp GL_ARB_texture_buffer_object GL_ARB_texture_buffer_object_rgb32 GL_ARB_texture_compression GL_ARB_texture_compression_rgtc GL_ARB_texture_cube_map GL_ARB_texture_cube_map_array GL_ARB_texture_env_add GL_ARB_texture_env_combine GL_ARB_texture_env_crossbar GL_ARB_texture_env_dot3 GL_ARB_texture_float GL_ARB_texture_gather GL_ARB_texture_mirrored_repeat GL_ARB_texture_multisample GL_ARB_texture_non_power_of_two GL_ARB_texture_query_lod GL_ARB_texture_rectangle GL_ARB_texture_rg GL_ARB_texture_rgb10_a2ui GL_ARB_texture_snorm GL_ARB_texture_storage GL_ARB_timer_query GL_ARB_transform_feedback2 GL_ARB_transform_feedback3 GL_ARB_transform_feedback_instanced GL_ARB_transpose_matrix GL_ARB_uniform_buffer_object GL_ARB_vertex_array_bgra GL_ARB_vertex_array_object GL_ARB_vertex_buffer_object GL_ARB_vertex_program GL_ARB_vertex_shader GL_ARB_vertex_type_2_10_10_10_rev GL_ARB_viewport_array GL_ARB_window_pos GL_ATI_draw_buffers GL_ATI_envmap_bumpmap GL_ATI_fragment_shader GL_ATI_meminfo GL_ATI_separate_stencil GL_ATI_texture_compression_3dc GL_ATI_texture_env_combine3 GL_ATI_texture_float GL_ATI_texture_mirror_once GL_EXT_abgr GL_EXT_bgra GL_EXT_bindable_uniform GL_EXT_blend_color GL_EXT_blend_equation_separate GL_EXT_blend_func_separate GL_EXT_blend_minmax GL_EXT_blend_subtract GL_EXT_compiled_vertex_array GL_EXT_copy_buffer GL_EXT_copy_texture GL_EXT_direct_state_access GL_EXT_draw_buffers2 GL_EXT_draw_instanced GL_EXT_draw_range_elements GL_EXT_fog_coord GL_EXT_framebuffer_blit GL_EXT_framebuffer_multisample GL_EXT_framebuffer_object GL_EXT_framebuffer_sRGB GL_EXT_geometry_shader4 GL_EXT_gpu_program_parameters GL_EXT_gpu_shader4 GL_EXT_histogram GL_EXT_multi_draw_arrays GL_EXT_packed_depth_stencil GL_EXT_packed_float GL_EXT_packed_pixels GL_EXT_pixel_buffer_object GL_EXT_point_parameters GL_EXT_provoking_vertex GL_EXT_rescale_normal GL_EXT_secondary_color GL_EXT_separate_specular_color GL_EXT_shadow_funcs GL_EXT_stencil_wrap GL_EXT_subtexture GL_EXT_texgen_reflection GL_EXT_texture3D GL_EXT_texture_array GL_EXT_texture_buffer_object GL_EXT_texture_compression_latc GL_EXT_texture_compression_rgtc GL_EXT_texture_compression_s3tc GL_EXT_texture_cube_map GL_EXT_texture_edge_clamp GL_EXT_texture_env_add GL_EXT_texture_env_combine GL_EXT_texture_env_dot3 GL_EXT_texture_filter_anisotropic GL_EXT_texture_integer GL_EXT_texture_lod GL_EXT_texture_lod_bias GL_EXT_texture_mirror_clamp GL_EXT_texture_object GL_EXT_texture_rectangle GL_EXT_texture_sRGB GL_EXT_texture_shared_exponent GL_EXT_texture_snorm GL_EXT_texture_storage GL_EXT_texture_swizzle GL_EXT_timer_query GL_EXT_transform_feedback GL_EXT_vertex_array GL_EXT_vertex_array_bgra GL_IBM_texture_mirrored_repeat GL_KTX_buffer_region GL_NV_blend_square GL_NV_conditional_render GL_NV_copy_depth_to_color GL_NV_copy_image GL_NV_explicit_multisample GL_NV_float_buffer GL_NV_half_float GL_NV_primitive_restart GL_NV_texgen_reflection GL_NV_texture_barrier GL_SGIS_generate_mipmap GL_SGIS_texture_edge_clamp GL_SGIS_texture_lod GL_SUN_multi_draw_arrays GL_WIN_swap_hint WGL_EXT_swap_control
16:13:43: Supported GLX extensions: GLX_ARB_create_context GLX_ARB_create_context_profile GLX_ARB_get_proc_address GLX_ARB_multisample GLX_EXT_import_context GLX_EXT_swap_control GLX_EXT_visual_info GLX_EXT_visual_rating GLX_MESA_swap_control GLX_NV_swap_group GLX_OML_swap_method GLX_SGI_make_current_read GLX_SGI_swap_control GLX_SGI_video_sync GLX_SGIS_multisample GLX_SGIX_fbconfig GLX_SGIX_pbuffer GLX_SGIX_swap_barrier GLX_SGIX_swap_group GLX_SGIX_visual_select_group GLX_EXT_texture_from_pixmap 
16:13:43: ***************************
16:13:43: *** GL Renderer Started ***
16:13:43: ***************************
16:13:43: Registering ResourceManager for type GpuProgram
16:13:43: GLSL support detected
16:13:43: GL: Using GL_EXT_framebuffer_object for rendering to textures (best)
16:13:43: FBO PF_UNKNOWN depth/stencil support: D0S1 D0S4 D0S8 D0S16 D16S0 D24S0 D32S0 Packed-D24S8 
16:13:43: FBO PF_L8 depth/stencil support: D0S0 D0S1 D0S4 D0S8 D0S16 D16S0 D24S0 D32S0 Packed-D24S8 
16:13:43: FBO PF_L16 depth/stencil support: D0S0 D0S1 D0S4 D0S8 D0S16 D16S0 D24S0 D32S0 Packed-D24S8 
16:13:43: FBO PF_A8 depth/stencil support: D0S0 D0S1 D0S4 D0S8 D0S16 D16S0 D24S0 D32S0 Packed-D24S8 
16:13:43: FBO PF_A4L4 depth/stencil support: D0S0 D0S1 D0S4 D0S8 D0S16 D16S0 D24S0 D32S0 Packed-D24S8 
16:13:43: FBO PF_BYTE_LA depth/stencil support: D0S0 D0S1 D0S4 D0S8 D0S16 D16S0 D24S0 D32S0 Packed-D24S8 
16:13:43: FBO PF_R5G6B5 depth/stencil support: D0S0 D0S1 D0S4 D0S8 D0S16 D16S0 D24S0 D32S0 Packed-D24S8 
16:13:43: FBO PF_B5G6R5 depth/stencil support: D0S0 D0S1 D0S4 D0S8 D0S16 D16S0 D24S0 D32S0 Packed-D24S8 
16:13:43: FBO PF_A4R4G4B4 depth/stencil support: D0S0 D0S1 D0S4 D0S8 D0S16 D16S0 D24S0 D32S0 Packed-D24S8 
16:13:43: FBO PF_A1R5G5B5 depth/stencil support: D0S0 D0S1 D0S4 D0S8 D0S16 D16S0 D24S0 D32S0 Packed-D24S8 
16:13:43: FBO PF_R8G8B8 depth/stencil support: D0S0 D0S1 D0S4 D0S8 D0S16 D16S0 D24S0 D32S0 Packed-D24S8 
16:13:43: FBO PF_B8G8R8 depth/stencil support: D0S0 D0S1 D0S4 D0S8 D0S16 D16S0 D24S0 D32S0 Packed-D24S8 
16:13:43: FBO PF_A8R8G8B8 depth/stencil support: D0S0 D0S1 D0S4 D0S8 D0S16 D16S0 D24S0 D32S0 Packed-D24S8 
16:13:43: FBO PF_B8G8R8A8 depth/stencil support: D0S0 D0S1 D0S4 D0S8 D0S16 D16S0 D24S0 D32S0 Packed-D24S8 
16:13:43: FBO PF_A2R10G10B10 depth/stencil support: D0S0 D0S1 D0S4 D0S8 D0S16 D16S0 D24S0 D32S0 Packed-D24S8 
16:13:43: FBO PF_A2B10G10R10 depth/stencil support: D0S0 D0S1 D0S4 D0S8 D0S16 D16S0 D24S0 D32S0 Packed-D24S8 
16:13:43: FBO PF_FLOAT16_RGB depth/stencil support: D0S0 D0S1 D0S4 D0S8 D0S16 D16S0 D24S0 D32S0 Packed-D24S8 
16:13:43: FBO PF_FLOAT16_RGBA depth/stencil support: D0S0 D0S1 D0S4 D0S8 D0S16 D16S0 D24S0 D32S0 Packed-D24S8 
16:13:43: FBO PF_FLOAT32_RGB depth/stencil support: D0S0 D0S1 D0S4 D0S8 D0S16 D16S0 D24S0 D32S0 Packed-D24S8 
16:13:43: FBO PF_FLOAT32_RGBA depth/stencil support: D0S0 D0S1 D0S4 D0S8 D0S16 D16S0 D24S0 D32S0 Packed-D24S8 
16:13:43: FBO PF_X8R8G8B8 depth/stencil support: D0S0 D0S1 D0S4 D0S8 D0S16 D16S0 D24S0 D32S0 Packed-D24S8 
16:13:43: FBO PF_X8B8G8R8 depth/stencil support: D0S0 D0S1 D0S4 D0S8 D0S16 D16S0 D24S0 D32S0 Packed-D24S8 
16:13:43: FBO PF_SHORT_RGBA depth/stencil support: D0S0 D0S1 D0S4 D0S8 D0S16 D16S0 D24S0 D32S0 Packed-D24S8 
16:13:43: FBO PF_R3G3B2 depth/stencil support: D0S0 D0S1 D0S4 D0S8 D0S16 D16S0 D24S0 D32S0 Packed-D24S8 
16:13:43: FBO PF_FLOAT16_R depth/stencil support: D0S0 D0S1 D0S4 D0S8 D0S16 D16S0 D24S0 D32S0 Packed-D24S8 
16:13:43: FBO PF_FLOAT32_R depth/stencil support: D0S0 D0S1 D0S4 D0S8 D0S16 D16S0 D24S0 D32S0 Packed-D24S8 
16:13:43: FBO PF_SHORT_GR depth/stencil support: D0S0 D0S1 D0S4 D0S8 D0S16 D16S0 D24S0 D32S0 Packed-D24S8 
16:13:43: FBO PF_FLOAT16_GR depth/stencil support: D0S0 D0S1 D0S4 D0S8 D0S16 D16S0 D24S0 D32S0 Packed-D24S8 
16:13:43: FBO PF_FLOAT32_GR depth/stencil support: D0S0 D0S1 D0S4 D0S8 D0S16 D16S0 D24S0 D32S0 Packed-D24S8 
16:13:44: FBO PF_SHORT_RGB depth/stencil support: D0S0 D0S1 D0S4 D0S8 D0S16 D16S0 D24S0 D32S0 Packed-D24S8 
16:13:44: [GL] : Valid FBO targets PF_UNKNOWN PF_L8 PF_L16 PF_A8 PF_A4L4 PF_BYTE_LA PF_R5G6B5 PF_B5G6R5 PF_A4R4G4B4 PF_A1R5G5B5 PF_R8G8B8 PF_B8G8R8 PF_A8R8G8B8 PF_B8G8R8A8 PF_A2R10G10B10 PF_A2B10G10R10 PF_FLOAT16_RGB PF_FLOAT16_RGBA PF_FLOAT32_RGB PF_FLOAT32_RGBA PF_X8R8G8B8 PF_X8B8G8R8 PF_SHORT_RGBA PF_R3G3B2 PF_FLOAT16_R PF_FLOAT32_R PF_SHORT_GR PF_FLOAT16_GR PF_FLOAT32_GR PF_SHORT_RGB 
16:13:44: RenderSystem capabilities
16:13:44: -------------------------
16:13:44: RenderSystem Name: OpenGL Rendering Subsystem
16:13:44: GPU Vendor: ati
16:13:44: Device Name: ATI Mobility Radeon HD 4650
16:13:44: Driver Version: 3.3.11627.0
16:13:44:  * Fixed function pipeline: yes
16:13:44:  * Hardware generation of mipmaps: no
16:13:44:  * Texture blending: yes
16:13:44:  * Anisotropic texture filtering: yes
16:13:44:  * Dot product texture operation: yes
16:13:44:  * Cube mapping: yes
16:13:44:  * Hardware stencil buffer: yes
16:13:44:    - Stencil depth: 8
16:13:44:    - Two sided stencil support: yes
16:13:44:    - Wrap stencil values: yes
16:13:44:  * Hardware vertex / index buffers: yes
16:13:44:  * Vertex programs: yes
16:13:44:  * Number of floating-point constants for vertex programs: 256
16:13:44:  * Number of integer constants for vertex programs: 0
16:13:44:  * Number of boolean constants for vertex programs: 0
16:13:44:  * Fragment programs: yes
16:13:44:  * Number of floating-point constants for fragment programs: 256
16:13:44:  * Number of integer constants for fragment programs: 0
16:13:44:  * Number of boolean constants for fragment programs: 0
16:13:44:  * Geometry programs: yes
16:13:44:  * Number of floating-point constants for geometry programs: 16384
16:13:44:  * Number of integer constants for geometry programs: 0
16:13:44:  * Number of boolean constants for geometry programs: 0
16:13:44:  * Supported Shader Profiles: arbfp1 arbvp1 glsl gp4gp gpu_gp nvgp4 ps_1_1 ps_1_2 ps_1_3 ps_1_4
16:13:44:  * Texture Compression: yes
16:13:44:    - DXT: yes
16:13:44:    - VTC: no
16:13:44:    - PVRTC: no
16:13:44:  * Scissor Rectangle: yes
16:13:44:  * Hardware Occlusion Query: yes
16:13:44:  * User clip planes: yes
16:13:44:  * VET_UBYTE4 vertex element type: yes
16:13:44:  * Infinite far plane projection: yes
16:13:44:  * Hardware render-to-texture: yes
16:13:44:  * Floating point textures: yes
16:13:44:  * Non-power-of-two textures: yes
16:13:44:  * Volume textures: yes
16:13:44:  * Multiple Render Targets: 8
16:13:44:    - With different bit depths: yes
16:13:44:  * Point Sprites: yes
16:13:44:  * Extended point parameters: yes
16:13:44:  * Max Point Size: 8192
16:13:44:  * Vertex texture fetch: yes
16:13:44:  * Number of world matrices: 0
16:13:44:  * Number of texture units: 16
16:13:44:  * Stencil buffer depth: 8
16:13:44:  * Number of vertex blend matrices: 0
16:13:44:    - Max vertex textures: 16
16:13:44:    - Vertex textures shared: yes
16:13:44:  * Render to Vertex Buffer : no
16:13:44:  * GL 1.5 without VBO workaround: no
16:13:44:  * Frame Buffer objects: yes
16:13:44:  * Frame Buffer objects (ARB extension): no
16:13:44:  * Frame Buffer objects (ATI extension): no
16:13:44:  * PBuffer support: yes
16:13:44:  * GL 1.5 without HW-occlusion workaround: no
16:13:44: Registering ResourceManager for type Texture
16:13:44: DefaultWorkQueue('Root') initialising on thread 0x1d0fb40.
16:13:44: DefaultWorkQueue('Root')::WorkerFunc - thread 0x21f3b90 starting.
16:13:44: DefaultWorkQueue('Root')::WorkerFunc - thread 0x21f6060 starting.
16:13:44: DefaultWorkQueue('Root')::WorkerFunc - thread 0x21f27d0 starting.
16:13:44: DefaultWorkQueue('Root')::WorkerFunc - thread 0x21efd60 starting.
16:13:44: DefaultWorkQueue('Root')::WorkerFunc - thread 0x21f0540 starting.
16:13:44: DefaultWorkQueue('Root')::WorkerFunc - thread 0x21f5880 starting.
16:13:44: DefaultWorkQueue('Root')::WorkerFunc - thread 0x21f1ff0 starting.
16:13:44: DefaultWorkQueue('Root')::WorkerFunc - thread 0x1e742a0 starting.
16:13:44: Particle Renderer Type 'billboard' registered
16:13:44: SceneManagerFactory for type 'OctreeSceneManager' registered.
16:13:44: SceneManagerFactory for type 'TerrainSceneManager' registered.
16:13:44: Mesh: Loading hover_engine.mesh.
16:13:44: Can't assign material material_1 to SubEntity of model because this Material does not exist. Have you forgotten to define it in a .material script?
